Arguments: 
  /usr/local/Cellar/node/13.8.0/bin/node /Users/Braden/.yarn/bin/yarn.js init

PATH: 
  /Users/Braden/.yarn/bin:/Users/Braden/.config/yarn/global/node_modules/.bin:/usr/local/bin:/usr/bin:/bin:/usr/sbin:/sbin:/opt/X11/bin

Yarn version: 
  1.21.1

Node version: 
  13.8.0

Platform: 
  darwin x64

Trace: 
  Error: canceled
      at Interface.<anonymous> (/Users/Braden/.yarn/lib/cli.js:136925:13)
      at Interface.emit (events.js:321:20)
      at Interface._ttyWrite (readline.js:864:16)
      at ReadStream.onkeypress (readline.js:203:10)
      at ReadStream.emit (events.js:321:20)
      at emitKeys (internal/readline/utils.js:450:14)
      at emitKeys.next (<anonymous>)
      at ReadStream.onData (readline.js:1131:36)
      at ReadStream.emit (events.js:321:20)
      at addChunk (_stream_readable.js:297:12)

npm manifest: 
  No manifest

yarn manifest: 
  No manifest

Lockfile: 
  No lockfile
